# JRE version: OpenJDK Runtime Environment (8.0_152-b01) (build 1.8.0_152-release-1343-b01)
# Java VM: OpenJDK 64-Bit Server VM (25.152-b01 mixed mode windows-amd64 compressed oops)
Heap:
 PSYoungGen      total 128512K, used 46201K [0x00000000e0000000, 0x00000000e9c80000, 0x0000000100000000)
  eden space 112128K, 26% used [0x00000000e0000000,0x00000000e1d5a738,0x00000000e6d80000)
  from space 16384K, 98% used [0x00000000e7100000,0x00000000e80c4068,0x00000000e8100000)
  to   space 24064K, 0% used [0x00000000e8500000,0x00000000e8500000,0x00000000e9c80000)
 ParOldGen       total 96768K, used 55481K [0x00000000a0000000, 0x00000000a5e80000, 0x00000000e0000000)
  object space 96768K, 57% used [0x00000000a0000000,0x00000000a362e6e0,0x00000000a5e80000)
 Metaspace       used 91535K, capacity 97534K, committed 97688K, reserved 1134592K
  class space    used 11646K, capacity 12628K, committed 12712K, reserved 1048576K
GC Heap History (10 events):
Event: 4038.118 GC heap before
{Heap before GC invocations=32 (full 3):
 PSYoungGen      total 153088K, used 148641K [0x00000000e0000000, 0x00000000eb280000, 0x0000000100000000)
  eden space 131584K, 99% used [0x00000000e0000000,0x00000000e7ff0748,0x00000000e8080000)
  from space 21504K, 81% used [0x00000000e9d80000,0x00000000eaeb7f08,0x00000000eb280000)
  to   space 25600K, 0% used [0x00000000e8080000,0x00000000e8080000,0x00000000e9980000)
 ParOldGen       total 96768K, used 51748K [0x00000000a0000000, 0x00000000a5e80000, 0x00000000e0000000)
  object space 96768K, 53% used [0x00000000a0000000,0x00000000a32892d0,0x00000000a5e80000)
 Metaspace       used 90078K, capacity 94532K, committed 94616K, reserved 1132544K
  class space    used 11410K, capacity 12193K, committed 12200K, reserved 1048576K
Event: 4038.135 GC heap after
Heap after GC invocations=32 (full 3):
 PSYoungGen      total 149504K, used 21727K [0x00000000e0000000, 0x00000000eb280000, 0x0000000100000000)
  eden space 127488K, 0% used [0x00000000e0000000,0x00000000e0000000,0x00000000e7c80000)
  from space 22016K, 98% used [0x00000000e8080000,0x00000000e95b7de8,0x00000000e9600000)
  to   space 27648K, 0% used [0x00000000e9780000,0x00000000e9780000,0x00000000eb280000)
 ParOldGen       total 96768K, used 51756K [0x00000000a0000000, 0x00000000a5e80000, 0x00000000e0000000)
  object space 96768K, 53% used [0x00000000a0000000,0x00000000a328b2d0,0x00000000a5e80000)
 Metaspace       used 90078K, capacity 94532K, committed 94616K, reserved 1132544K
  class space    used 11410K, capacity 12193K, committed 12200K, reserved 1048576K
}
Event: 4475.668 GC heap before
{Heap before GC invocations=33 (full 3):
 PSYoungGen      total 149504K, used 149215K [0x00000000e0000000, 0x00000000eb280000, 0x0000000100000000)
  eden space 127488K, 100% used [0x00000000e0000000,0x00000000e7c80000,0x00000000e7c80000)
  from space 22016K, 98% used [0x00000000e8080000,0x00000000e95b7de8,0x00000000e9600000)
  to   space 27648K, 0% used [0x00000000e9780000,0x00000000e9780000,0x00000000eb280000)
 ParOldGen       total 96768K, used 51783K [0x00000000a0000000, 0x00000000a5e80000, 0x00000000e0000000)
  object space 96768K, 53% used [0x00000000a0000000,0x00000000a3291eb8,0x00000000a5e80000)
 Metaspace       used 90204K, capacity 94678K, committed 94872K, reserved 1132544K
  class space    used 11412K, capacity 12196K, committed 12200K, reserved 1048576K
Event: 4475.705 GC heap after
Heap after GC invocations=33 (full 3):
 PSYoungGen      total 143872K, used 14640K [0x00000000e0000000, 0x00000000eab80000, 0x0000000100000000)
  eden space 123392K, 0% used [0x00000000e0000000,0x00000000e0000000,0x00000000e7880000)
  from space 20480K, 71% used [0x00000000e9780000,0x00000000ea5cc2e0,0x00000000eab80000)
  to   space 26112K, 0% used [0x00000000e7880000,0x00000000e7880000,0x00000000e9200000)
 ParOldGen       total 96768K, used 51791K [0x00000000a0000000, 0x00000000a5e80000, 0x00000000e0000000)
  object space 96768K, 53% used [0x00000000a0000000,0x00000000a3293eb8,0x00000000a5e80000)
 Metaspace       used 90204K, capacity 94678K, committed 94872K, reserved 1132544K
  class space    used 11412K, capacity 12196K, committed 12200K, reserved 1048576K
}
Event: 4521.238 GC heap before
{Heap before GC invocations=34 (full 3):
 PSYoungGen      total 143872K, used 138001K [0x00000000e0000000, 0x00000000eab80000, 0x0000000100000000)
  eden space 123392K, 99% used [0x00000000e0000000,0x00000000e7878428,0x00000000e7880000)
  from space 20480K, 71% used [0x00000000e9780000,0x00000000ea5cc2e0,0x00000000eab80000)
  to   space 26112K, 0% used [0x00000000e7880000,0x00000000e7880000,0x00000000e9200000)
 ParOldGen       total 96768K, used 51791K [0x00000000a0000000, 0x00000000a5e80000, 0x00000000e0000000)
  object space 96768K, 53% used [0x00000000a0000000,0x00000000a3293eb8,0x00000000a5e80000)
 Metaspace       used 91396K, capacity 97396K, committed 97688K, reserved 1134592K
  class space    used 11645K, capacity 12627K, committed 12712K, reserved 1048576K
Event: 4521.260 GC heap after
Heap after GC invocations=34 (full 3):
 PSYoungGen      total 133120K, used 13587K [0x00000000e0000000, 0x00000000ea580000, 0x0000000100000000)
  eden space 119296K, 0% used [0x00000000e0000000,0x00000000e0000000,0x00000000e7480000)
  from space 13824K, 98% used [0x00000000e7880000,0x00000000e85c4ce0,0x00000000e8600000)
  to   space 25088K, 0% used [0x00000000e8d00000,0x00000000e8d00000,0x00000000ea580000)
 ParOldGen       total 96768K, used 55305K [0x00000000a0000000, 0x00000000a5e80000, 0x00000000e0000000)
  object space 96768K, 57% used [0x00000000a0000000,0x00000000a36026e0,0x00000000a5e80000)
 Metaspace       used 91396K, capacity 97396K, committed 97688K, reserved 1134592K
  class space    used 11645K, capacity 12627K, committed 12712K, reserved 1048576K
}
Event: 5297.371 GC heap before
{Heap before GC invocations=35 (full 3):
 PSYoungGen      total 133120K, used 132883K [0x00000000e0000000, 0x00000000ea580000, 0x0000000100000000)
  eden space 119296K, 100% used [0x00000000e0000000,0x00000000e7480000,0x00000000e7480000)
  from space 13824K, 98% used [0x00000000e7880000,0x00000000e85c4ce0,0x00000000e8600000)
  to   space 25088K, 0% used [0x00000000e8d00000,0x00000000e8d00000,0x00000000ea580000)
 ParOldGen       total 96768K, used 55305K [0x00000000a0000000, 0x00000000a5e80000, 0x00000000e0000000)
  object space 96768K, 57% used [0x00000000a0000000,0x00000000a36026e0,0x00000000a5e80000)
 Metaspace       used 91448K, capacity 97534K, committed 97688K, reserved 1134592K
  class space    used 11646K, capacity 12628K, committed 12712K, reserved 1048576K
Event: 5297.713 GC heap after
Heap after GC invocations=35 (full 3):
 PSYoungGen      total 136192K, used 13536K [0x00000000e0000000, 0x00000000ea100000, 0x0000000100000000)
  eden space 115712K, 0% used [0x00000000e0000000,0x00000000e0000000,0x00000000e7100000)
  from space 20480K, 66% used [0x00000000e8d00000,0x00000000e9a382e0,0x00000000ea100000)
  to   space 24576K, 0% used [0x00000000e7100000,0x00000000e7100000,0x00000000e8900000)
 ParOldGen       total 96768K, used 55409K [0x00000000a0000000, 0x00000000a5e80000, 0x00000000e0000000)
  object space 96768K, 57% used [0x00000000a0000000,0x00000000a361c6e0,0x00000000a5e80000)
 Metaspace       used 91448K, capacity 97534K, committed 97688K, reserved 1134592K
  class space    used 11646K, capacity 12628K, committed 12712K, reserved 1048576K
}
Event: 5305.739 GC heap before
{Heap before GC invocations=36 (full 3):
 PSYoungGen      total 136192K, used 129248K [0x00000000e0000000, 0x00000000ea100000, 0x0000000100000000)
  eden space 115712K, 100% used [0x00000000e0000000,0x00000000e7100000,0x00000000e7100000)
  from space 20480K, 66% used [0x00000000e8d00000,0x00000000e9a382e0,0x00000000ea100000)
  to   space 24576K, 0% used [0x00000000e7100000,0x00000000e7100000,0x00000000e8900000)
 ParOldGen       total 96768K, used 55409K [0x00000000a0000000, 0x00000000a5e80000, 0x00000000e0000000)
  object space 96768K, 57% used [0x00000000a0000000,0x00000000a361c6e0,0x00000000a5e80000)
 Metaspace       used 91512K, capacity 97534K, committed 97688K, reserved 1134592K
  class space    used 11646K, capacity 12628K, committed 12712K, reserved 1048576K
Event: 5305.799 GC heap after
Heap after GC invocations=36 (full 3):
 PSYoungGen      total 128512K, used 16144K [0x00000000e0000000, 0x00000000e9c80000, 0x0000000100000000)
  eden space 112128K, 0% used [0x00000000e0000000,0x00000000e0000000,0x00000000e6d80000)
  from space 16384K, 98% used [0x00000000e7100000,0x00000000e80c4068,0x00000000e8100000)
  to   space 24064K, 0% used [0x00000000e8500000,0x00000000e8500000,0x00000000e9c80000)
 ParOldGen       total 96768K, used 55481K [0x00000000a0000000, 0x00000000a5e80000, 0x00000000e0000000)
  object space 96768K, 57% used [0x00000000a0000000,0x00000000a362e6e0,0x00000000a5e80000)
 Metaspace       used 91512K, capacity 97534K, committed 97688K, reserved 1134592K
  class space    used 11646K, capacity 12628K, committed 12712K, reserved 1048576K
}

